<?xml version="1.0" encoding="UTF-8"?>
<testng-results ignored="0" total="10" passed="9" failed="1" skipped="0">
  <reporter-output>
  </reporter-output>
  <suite started-at="2021-04-20T00:19:33 IST" name="Suite" finished-at="2021-04-20T00:20:44 IST" duration-ms="70750">
    <groups>
    </groups>
    <test started-at="2021-04-20T00:19:33 IST" name="Testing TSF" finished-at="2021-04-20T00:20:44 IST" duration-ms="70750">
      <class name="ui.HighlightContact">
        <test-method signature="CheckEmail()[pri:0, instance:ui.HighlightContact@209da20d]" started-at="2021-04-20T00:20:19 IST" name="CheckEmail" finished-at="2021-04-20T00:20:27 IST" duration-ms="8146" status="PASS">
          <reporter-output>
          </reporter-output>
        </test-method> <!-- CheckEmail -->
      </class> <!-- ui.HighlightContact -->
      <class name="ui.PageLINKS">
        <test-method signature="PageTesting()[pri:0, instance:ui.PageLINKS@e15b7e8]" started-at="2021-04-20T00:20:27 IST" name="PageTesting" finished-at="2021-04-20T00:20:35 IST" duration-ms="7365" status="PASS">
          <reporter-output>
          </reporter-output>
        </test-method> <!-- PageTesting -->
      </class> <!-- ui.PageLINKS -->
      <class name="ui.VerifyTitle">
        <test-method signature="TestTitle()[pri:0, instance:ui.VerifyTitle@52af26ee]" started-at="2021-04-20T00:20:12 IST" name="TestTitle" finished-at="2021-04-20T00:20:17 IST" duration-ms="5380" status="PASS">
          <reporter-output>
          </reporter-output>
        </test-method> <!-- TestTitle -->
      </class> <!-- ui.VerifyTitle -->
      <class name="ui.LogoTesting">
        <test-method signature="VerifyLogo()[pri:0, instance:ui.LogoTesting@58d75e99]" started-at="2021-04-20T00:19:42 IST" name="VerifyLogo" finished-at="2021-04-20T00:19:50 IST" duration-ms="7305" status="PASS">
          <reporter-output>
          </reporter-output>
        </test-method> <!-- VerifyLogo -->
      </class> <!-- ui.LogoTesting -->
      <class name="ui.TestingCorporatePartners">
        <test-method signature="TestPage()[pri:0, instance:ui.TestingCorporatePartners@6fd83fc1]" started-at="2021-04-20T00:20:17 IST" name="TestPage" finished-at="2021-04-20T00:20:19 IST" duration-ms="1682" status="FAIL">
          <exception class="org.openqa.selenium.WebDriverException">
            <message>
              <![CDATA[unknown error: cannot determine loading status
from disconnected: received Inspector.detached event
  (Session info: MicrosoftEdge=89.0.774.77)
Build info: version: '4.0.0-alpha-5', revision: 'b3a0d621cc'
System info: host: 'LAPTOP-AO93C9A7', ip: '192.168.29.5', os.name: 'Windows 10', os.arch: 'amd64', os.version: '10.0', java.version: '15.0.2'
Driver info: org.openqa.selenium.edge.EdgeDriver
Capabilities {acceptInsecureCerts: false, browserName: msedge, browserVersion: 89.0.774.77, javascriptEnabled: true, ms:edgeOptions: {debuggerAddress: localhost:52231}, msedge: {msedgedriverVersion: 89.0.774.77 (db2dad69e2fd38..., userDataDir: C:\Users\HP-PC\AppData\Loca...}, networkConnectionEnabled: false, pageLoadStrategy: normal, platform: WINDOWS, platformName: WINDOWS, proxy: Proxy(), setWindowRect: true, strictFileInteractability: false, timeouts: {implicit: 0, pageLoad: 300000, script: 30000}, unhandledPromptBehavior: dismiss and notify, webauthn:extension:largeBlob: true, webauthn:virtualAuthenticators: true}
Session ID: aef5d023fbe8d728ded9f6424e9c37b5]]>
            </message>
            <full-stacktrace>
              <![CDATA[org.openqa.selenium.WebDriverException: unknown error: cannot determine loading status
from disconnected: received Inspector.detached event
  (Session info: MicrosoftEdge=89.0.774.77)
Build info: version: '4.0.0-alpha-5', revision: 'b3a0d621cc'
System info: host: 'LAPTOP-AO93C9A7', ip: '192.168.29.5', os.name: 'Windows 10', os.arch: 'amd64', os.version: '10.0', java.version: '15.0.2'
Driver info: org.openqa.selenium.edge.EdgeDriver
Capabilities {acceptInsecureCerts: false, browserName: msedge, browserVersion: 89.0.774.77, javascriptEnabled: true, ms:edgeOptions: {debuggerAddress: localhost:52231}, msedge: {msedgedriverVersion: 89.0.774.77 (db2dad69e2fd38..., userDataDir: C:\Users\HP-PC\AppData\Loca...}, networkConnectionEnabled: false, pageLoadStrategy: normal, platform: WINDOWS, platformName: WINDOWS, proxy: Proxy(), setWindowRect: true, strictFileInteractability: false, timeouts: {implicit: 0, pageLoad: 300000, script: 30000}, unhandledPromptBehavior: dismiss and notify, webauthn:extension:largeBlob: true, webauthn:virtualAuthenticators: true}
Session ID: aef5d023fbe8d728ded9f6424e9c37b5
at java.base/jdk.internal.reflect.NativeConstructorAccessorImpl.newInstance0(Native Method)
at java.base/jdk.internal.reflect.NativeConstructorAccessorImpl.newInstance(NativeConstructorAccessorImpl.java:64)
at java.base/jdk.internal.reflect.DelegatingConstructorAccessorImpl.newInstance(DelegatingConstructorAccessorImpl.java:45)
at java.base/java.lang.reflect.Constructor.newInstanceWithCaller(Constructor.java:500)
at java.base/java.lang.reflect.Constructor.newInstance(Constructor.java:481)
at org.openqa.selenium.remote.codec.w3c.W3CHttpResponseCodec.createException(W3CHttpResponseCodec.java:196)
at org.openqa.selenium.remote.codec.w3c.W3CHttpResponseCodec.decode(W3CHttpResponseCodec.java:129)
at org.openqa.selenium.remote.codec.w3c.W3CHttpResponseCodec.decode(W3CHttpResponseCodec.java:53)
at org.openqa.selenium.remote.HttpCommandExecutor.execute(HttpCommandExecutor.java:161)
at org.openqa.selenium.remote.service.DriverCommandExecutor.execute(DriverCommandExecutor.java:83)
at org.openqa.selenium.remote.RemoteWebDriver.execute(RemoteWebDriver.java:582)
at org.openqa.selenium.remote.RemoteWebDriver.get(RemoteWebDriver.java:282)
at ui.TestingCorporatePartners.TestPage(TestingCorporatePartners.java:27)
at java.base/jdk.internal.reflect.NativeMethodAccessorImpl.invoke0(Native Method)
at java.base/jdk.internal.reflect.NativeMethodAccessorImpl.invoke(NativeMethodAccessorImpl.java:64)
at java.base/jdk.internal.reflect.DelegatingMethodAccessorImpl.invoke(DelegatingMethodAccessorImpl.java:43)
at java.base/java.lang.reflect.Method.invoke(Method.java:564)
at org.testng.internal.MethodInvocationHelper.invokeMethod(MethodInvocationHelper.java:133)
at org.testng.internal.TestInvoker.invokeMethod(TestInvoker.java:598)
at org.testng.internal.TestInvoker.invokeTestMethod(TestInvoker.java:173)
at org.testng.internal.MethodRunner.runInSequence(MethodRunner.java:46)
at org.testng.internal.TestInvoker$MethodInvocationAgent.invoke(TestInvoker.java:824)
at org.testng.internal.TestInvoker.invokeTestMethods(TestInvoker.java:146)
at org.testng.internal.TestMethodWorker.invokeTestMethods(TestMethodWorker.java:146)
at org.testng.internal.TestMethodWorker.run(TestMethodWorker.java:128)
at java.base/java.util.ArrayList.forEach(ArrayList.java:1511)
at org.testng.TestRunner.privateRun(TestRunner.java:794)
at org.testng.TestRunner.run(TestRunner.java:596)
at org.testng.SuiteRunner.runTest(SuiteRunner.java:377)
at org.testng.SuiteRunner.runSequentially(SuiteRunner.java:371)
at org.testng.SuiteRunner.privateRun(SuiteRunner.java:332)
at org.testng.SuiteRunner.run(SuiteRunner.java:276)
at org.testng.SuiteRunnerWorker.runSuite(SuiteRunnerWorker.java:53)
at org.testng.SuiteRunnerWorker.run(SuiteRunnerWorker.java:96)
at org.testng.TestNG.runSuitesSequentially(TestNG.java:1212)
at org.testng.TestNG.runSuitesLocally(TestNG.java:1134)
at org.testng.TestNG.runSuites(TestNG.java:1063)
at org.testng.TestNG.run(TestNG.java:1031)
at org.testng.remote.AbstractRemoteTestNG.run(AbstractRemoteTestNG.java:115)
at org.testng.remote.RemoteTestNG.initAndRun(RemoteTestNG.java:251)
at org.testng.remote.RemoteTestNG.main(RemoteTestNG.java:77)
]]>
            </full-stacktrace>
          </exception> <!-- org.openqa.selenium.WebDriverException -->
          <reporter-output>
          </reporter-output>
        </test-method> <!-- TestPage -->
      </class> <!-- ui.TestingCorporatePartners -->
      <class name="ui.TestingInternshipPositions">
        <test-method signature="TestPage()[pri:0, instance:ui.TestingInternshipPositions@741a8937]" started-at="2021-04-20T00:19:58 IST" name="TestPage" finished-at="2021-04-20T00:20:05 IST" duration-ms="6415" status="PASS">
          <reporter-output>
          </reporter-output>
        </test-method> <!-- TestPage -->
      </class> <!-- ui.TestingInternshipPositions -->
      <class name="ui.PageWorkshops">
        <test-method signature="VerifyPage()[pri:0, instance:ui.PageWorkshops@74751b3]" started-at="2021-04-20T00:19:50 IST" name="VerifyPage" finished-at="2021-04-20T00:19:58 IST" duration-ms="8523" status="PASS">
          <reporter-output>
          </reporter-output>
        </test-method> <!-- VerifyPage -->
      </class> <!-- ui.PageWorkshops -->
      <class name="ui.CountURLs">
        <test-method signature="CountAndDisplayURLs()[pri:0, instance:ui.CountURLs@306e95ec]" started-at="2021-04-20T00:20:05 IST" name="CountAndDisplayURLs" finished-at="2021-04-20T00:20:12 IST" duration-ms="7434" status="PASS">
          <reporter-output>
          </reporter-output>
        </test-method> <!-- CountAndDisplayURLs -->
      </class> <!-- ui.CountURLs -->
      <class name="ui.TestingVideo">
        <test-method signature="PlayVideo()[pri:0, instance:ui.TestingVideo@35aea049]" started-at="2021-04-20T00:19:33 IST" name="PlayVideo" finished-at="2021-04-20T00:19:42 IST" duration-ms="9352" status="PASS">
          <reporter-output>
          </reporter-output>
        </test-method> <!-- PlayVideo -->
      </class> <!-- ui.TestingVideo -->
      <class name="ui.PageJobs">
        <test-method signature="VerifyJobsPage()[pri:0, instance:ui.PageJobs@1b2abca6]" started-at="2021-04-20T00:20:35 IST" name="VerifyJobsPage" finished-at="2021-04-20T00:20:44 IST" duration-ms="9062" status="PASS">
          <reporter-output>
          </reporter-output>
        </test-method> <!-- VerifyJobsPage -->
      </class> <!-- ui.PageJobs -->
    </test> <!-- Testing TSF -->
  </suite> <!-- Suite -->
</testng-results>
