<?xml version="1.0" encoding="UTF-8"?>
<!-- Generated by org.testng.reporters.JUnitXMLReporter -->
<testsuite ignored="0" hostname="LAPTOP-AO93C9A7" failures="1" tests="10" name="Testing TSF" time="70.75" errors="0" timestamp="2021-04-20T00:20:44 IST">
  <testcase classname="ui.TestingVideo" name="PlayVideo" time="9.352"/>
  <testcase classname="ui.LogoTesting" name="VerifyLogo" time="7.305"/>
  <testcase classname="ui.PageWorkshops" name="VerifyPage" time="8.523"/>
  <testcase classname="ui.TestingInternshipPositions" name="TestPage" time="6.415"/>
  <testcase classname="ui.CountURLs" name="CountAndDisplayURLs" time="7.434"/>
  <testcase classname="ui.VerifyTitle" name="TestTitle" time="5.38"/>
  <testcase classname="ui.TestingCorporatePartners" name="TestPage" time="1.682">
    <failure type="org.openqa.selenium.WebDriverException" message="unknown error: cannot determine loading status
from disconnected: received Inspector.detached event
  (Session info: MicrosoftEdge=89.0.774.77)
Build info: version: &amp;apos;4.0.0-alpha-5&amp;apos;, revision: &amp;apos;b3a0d621cc&amp;apos;
System info: host: &amp;apos;LAPTOP-AO93C9A7&amp;apos;, ip: &amp;apos;192.168.29.5&amp;apos;, os.name: &amp;apos;Windows 10&amp;apos;, os.arch: &amp;apos;amd64&amp;apos;, os.version: &amp;apos;10.0&amp;apos;, java.version: &amp;apos;15.0.2&amp;apos;
Driver info: org.openqa.selenium.edge.EdgeDriver
Capabilities {acceptInsecureCerts: false, browserName: msedge, browserVersion: 89.0.774.77, javascriptEnabled: true, ms:edgeOptions: {debuggerAddress: localhost:52231}, msedge: {msedgedriverVersion: 89.0.774.77 (db2dad69e2fd38..., userDataDir: C:\Users\HP-PC\AppData\Loca...}, networkConnectionEnabled: false, pageLoadStrategy: normal, platform: WINDOWS, platformName: WINDOWS, proxy: Proxy(), setWindowRect: true, strictFileInteractability: false, timeouts: {implicit: 0, pageLoad: 300000, script: 30000}, unhandledPromptBehavior: dismiss and notify, webauthn:extension:largeBlob: true, webauthn:virtualAuthenticators: true}
Session ID: aef5d023fbe8d728ded9f6424e9c37b5">
      <![CDATA[org.openqa.selenium.WebDriverException: unknown error: cannot determine loading status
from disconnected: received Inspector.detached event
  (Session info: MicrosoftEdge=89.0.774.77)
Build info: version: '4.0.0-alpha-5', revision: 'b3a0d621cc'
System info: host: 'LAPTOP-AO93C9A7', ip: '192.168.29.5', os.name: 'Windows 10', os.arch: 'amd64', os.version: '10.0', java.version: '15.0.2'
Driver info: org.openqa.selenium.edge.EdgeDriver
Capabilities {acceptInsecureCerts: false, browserName: msedge, browserVersion: 89.0.774.77, javascriptEnabled: true, ms:edgeOptions: {debuggerAddress: localhost:52231}, msedge: {msedgedriverVersion: 89.0.774.77 (db2dad69e2fd38..., userDataDir: C:\Users\HP-PC\AppData\Loca...}, networkConnectionEnabled: false, pageLoadStrategy: normal, platform: WINDOWS, platformName: WINDOWS, proxy: Proxy(), setWindowRect: true, strictFileInteractability: false, timeouts: {implicit: 0, pageLoad: 300000, script: 30000}, unhandledPromptBehavior: dismiss and notify, webauthn:extension:largeBlob: true, webauthn:virtualAuthenticators: true}
Session ID: aef5d023fbe8d728ded9f6424e9c37b5
at org.openqa.selenium.remote.codec.w3c.W3CHttpResponseCodec.createException(W3CHttpResponseCodec.java:196)
at org.openqa.selenium.remote.codec.w3c.W3CHttpResponseCodec.decode(W3CHttpResponseCodec.java:129)
at org.openqa.selenium.remote.codec.w3c.W3CHttpResponseCodec.decode(W3CHttpResponseCodec.java:53)
at org.openqa.selenium.remote.HttpCommandExecutor.execute(HttpCommandExecutor.java:161)
at org.openqa.selenium.remote.service.DriverCommandExecutor.execute(DriverCommandExecutor.java:83)
at org.openqa.selenium.remote.RemoteWebDriver.execute(RemoteWebDriver.java:582)
at org.openqa.selenium.remote.RemoteWebDriver.get(RemoteWebDriver.java:282)
at ui.TestingCorporatePartners.TestPage(TestingCorporatePartners.java:27)
at java.base/java.util.ArrayList.forEach(ArrayList.java:1511)
... Removed 32 stack frames]]>
    </failure>
  </testcase> <!-- TestPage -->
  <testcase classname="ui.HighlightContact" name="CheckEmail" time="8.146"/>
  <testcase classname="ui.PageLINKS" name="PageTesting" time="7.365"/>
  <testcase classname="ui.PageJobs" name="VerifyJobsPage" time="9.062"/>
</testsuite> <!-- Testing TSF -->
